[2017-07-24 18:45:46.941] [INFO] crash-log - [32m[/root/vcserver/node_modules/pomelo/lib/master/master.js] [39m[chat],[chat-server-1],[1500893146941],[disconnect]
[2017-07-24 18:45:46.954] [INFO] crash-log - [32m[/root/vcserver/node_modules/pomelo/lib/master/master.js] [39m[chat],[chat-server-2],[1500893146954],[disconnect]
[2017-07-24 18:45:47.112] [INFO] crash-log - [32m[/root/vcserver/node_modules/pomelo/lib/master/master.js] [39m[game],[game-server-2],[1500893147112],[disconnect]
[2017-07-24 18:45:47.132] [INFO] crash-log - [32m[/root/vcserver/node_modules/pomelo/lib/master/master.js] [39m[game],[game-server-1],[1500893147132],[disconnect]
[2017-07-24 18:45:47.154] [INFO] crash-log - [32m[/root/vcserver/node_modules/pomelo/lib/master/master.js] [39m[connector],[connector-server-3],[1500893147154],[disconnect]
[2017-07-24 18:45:47.156] [INFO] crash-log - [32m[/root/vcserver/node_modules/pomelo/lib/master/master.js] [39m[connector],[connector-server-2],[1500893147156],[disconnect]
[2017-07-24 18:45:47.157] [INFO] crash-log - [32m[/root/vcserver/node_modules/pomelo/lib/master/master.js] [39m[gate],[gate-server-1],[1500893147157],[disconnect]
[2017-07-24 18:45:47.158] [INFO] crash-log - [32m[/root/vcserver/node_modules/pomelo/lib/master/master.js] [39m[connector],[connector-server-1],[1500893147158],[disconnect]
[2017-07-24 18:45:49.914] [INFO] crash-log - [32m[/root/vcserver/node_modules/pomelo/lib/master/master.js] [39m[client],[pomelo_terminal_1500893146491],[1500893149914],[disconnect]
[2017-07-24 18:50:01.384] [INFO] crash-log - [32m[/root/vcserver/node_modules/pomelo/lib/master/master.js] [39m[chat],[chat-server-2],[1500893401384],[disconnect]
[2017-07-24 18:50:01.404] [INFO] crash-log - [32m[/root/vcserver/node_modules/pomelo/lib/master/master.js] [39m[chat],[chat-server-1],[1500893401404],[disconnect]
[2017-07-24 18:50:01.552] [INFO] crash-log - [32m[/root/vcserver/node_modules/pomelo/lib/master/master.js] [39m[game],[game-server-1],[1500893401552],[disconnect]
[2017-07-24 18:50:01.597] [INFO] crash-log - [32m[/root/vcserver/node_modules/pomelo/lib/master/master.js] [39m[gate],[gate-server-1],[1500893401584],[disconnect]
[2017-07-24 18:50:01.599] [INFO] crash-log - [32m[/root/vcserver/node_modules/pomelo/lib/master/master.js] [39m[game],[game-server-2],[1500893401599],[disconnect]
[2017-07-24 18:50:01.627] [INFO] crash-log - [32m[/root/vcserver/node_modules/pomelo/lib/master/master.js] [39m[connector],[connector-server-1],[1500893401627],[disconnect]
[2017-07-24 18:50:01.631] [INFO] crash-log - [32m[/root/vcserver/node_modules/pomelo/lib/master/master.js] [39m[connector],[connector-server-3],[1500893401631],[disconnect]
[2017-07-24 18:50:04.356] [INFO] crash-log - [32m[/root/vcserver/node_modules/pomelo/lib/master/master.js] [39m[client],[pomelo_terminal_1500893401172],[1500893404356],[disconnect]
[2017-07-25 08:55:46.651] [INFO] crash-log - [32m[/root/vcserver/node_modules/pomelo/lib/master/master.js] [39m[chat],[chat-server-1],[1500944146651],[disconnect]
[2017-07-25 08:55:46.662] [INFO] crash-log - [32m[/root/vcserver/node_modules/pomelo/lib/master/master.js] [39m[chat],[chat-server-2],[1500944146662],[disconnect]
[2017-07-25 08:55:46.817] [INFO] crash-log - [32m[/root/vcserver/node_modules/pomelo/lib/master/master.js] [39m[game],[game-server-2],[1500944146817],[disconnect]
[2017-07-25 08:55:46.835] [INFO] crash-log - [32m[/root/vcserver/node_modules/pomelo/lib/master/master.js] [39m[gate],[gate-server-1],[1500944146835],[disconnect]
[2017-07-25 08:55:46.860] [INFO] crash-log - [32m[/root/vcserver/node_modules/pomelo/lib/master/master.js] [39m[game],[game-server-1],[1500944146860],[disconnect]
[2017-07-25 08:55:46.875] [INFO] crash-log - [32m[/root/vcserver/node_modules/pomelo/lib/master/master.js] [39m[connector],[connector-server-2],[1500944146875],[disconnect]
[2017-07-25 08:55:46.876] [INFO] crash-log - [32m[/root/vcserver/node_modules/pomelo/lib/master/master.js] [39m[connector],[connector-server-1],[1500944146876],[disconnect]
[2017-07-25 08:55:46.877] [INFO] crash-log - [32m[/root/vcserver/node_modules/pomelo/lib/master/master.js] [39m[connector],[connector-server-3],[1500944146877],[disconnect]
[2017-07-25 08:55:49.615] [INFO] crash-log - [32m[/root/vcserver/node_modules/pomelo/lib/master/master.js] [39m[client],[pomelo_terminal_1500944146442],[1500944149615],[disconnect]
[2017-07-25 19:19:29.587] [INFO] crash-log - [32m[/root/vcserver/node_modules/pomelo/lib/master/master.js] [39m[game],[game-server-1],[1500981569586],[disconnect]
[2017-07-25 19:19:29.590] [INFO] crash-log - [32m[/root/vcserver/node_modules/pomelo/lib/master/master.js] [39m[chat],[chat-server-2],[1500981569590],[disconnect]
[2017-07-25 19:19:29.593] [INFO] crash-log - [32m[/root/vcserver/node_modules/pomelo/lib/master/master.js] [39m[game],[game-server-2],[1500981569593],[disconnect]
[2017-07-25 19:19:29.594] [INFO] crash-log - [32m[/root/vcserver/node_modules/pomelo/lib/master/master.js] [39m[chat],[chat-server-1],[1500981569594],[disconnect]
[2017-07-25 19:19:29.596] [INFO] crash-log - [32m[/root/vcserver/node_modules/pomelo/lib/master/master.js] [39m[connector],[connector-server-2],[1500981569596],[disconnect]
[2017-07-25 19:19:32.325] [INFO] crash-log - [32m[/root/vcserver/node_modules/pomelo/lib/master/master.js] [39m[client],[pomelo_terminal_1500981569008],[1500981572325],[disconnect]
[2017-07-26 15:40:28.443] [INFO] crash-log - [32m[/root/vcserver/node_modules/pomelo/lib/master/master.js] [39m[game],[game-server-1],[1501054828443],[disconnect]
[2017-07-26 15:40:28.450] [INFO] crash-log - [32m[/root/vcserver/node_modules/pomelo/lib/master/master.js] [39m[chat],[chat-server-1],[1501054828450],[disconnect]
[2017-07-26 15:40:31.186] [INFO] crash-log - [32m[/root/vcserver/node_modules/pomelo/lib/master/master.js] [39m[client],[pomelo_terminal_1501054827948],[1501054831186],[disconnect]
[2017-07-27 13:32:49.324] [INFO] crash-log - [32m[/root/vcserver/node_modules/pomelo/lib/master/master.js] [39m[game],[game-server-2],[1501133569324],[disconnect]
[2017-07-27 13:32:49.328] [INFO] crash-log - [32m[/root/vcserver/node_modules/pomelo/lib/master/master.js] [39m[connector],[connector-server-2],[1501133569328],[disconnect]
[2017-07-27 13:32:49.330] [INFO] crash-log - [32m[/root/vcserver/node_modules/pomelo/lib/master/master.js] [39m[game],[game-server-1],[1501133569330],[disconnect]
[2017-07-27 13:32:49.331] [INFO] crash-log - [32m[/root/vcserver/node_modules/pomelo/lib/master/master.js] [39m[chat],[chat-server-2],[1501133569331],[disconnect]
[2017-07-27 13:32:52.058] [INFO] crash-log - [32m[/root/vcserver/node_modules/pomelo/lib/master/master.js] [39m[client],[pomelo_terminal_1501133568722],[1501133572058],[disconnect]
